2025-06-17 19:56:33,138 - GuardianAI - ERROR - Error testing model: [Errno 2] No such file or directory: 'models/threat_detector_model.joblib'
2025-06-17 20:07:52,763 - GuardianAI - ERROR - Error testing model: [Errno 2] No such file or directory: 'models/threat_detector_model.joblib'
2025-06-17 20:08:30,772 - GuardianAI - INFO - Model loaded successfully
2025-06-17 20:08:30,773 - GuardianAI - ERROR - Error testing model: 'dict' object has no attribute 'feature_names_in_'
2025-06-17 20:11:44,616 - GuardianAI - INFO - Model loaded successfully
2025-06-17 20:11:44,618 - GuardianAI - INFO - Feature names: ['Abnormal_URL' 'Bwd_Packet_Length_Max' 'Bwd_Packet_Length_Mean'
 'Bwd_Packet_Length_Min' 'Bwd_Packet_Length_Std' 'DNSRecord'
 'Destination_Port' 'Domain_registeration_length' 'Favicon'
 'Flow_Bytes_per_sec' 'Flow_Duration' 'Flow_IAT_Max' 'Flow_IAT_Mean'
 'Flow_IAT_Min' 'Flow_IAT_Std' 'Flow_Packets_per_sec'
 'Fwd_Packet_Length_Max' 'Fwd_Packet_Length_Mean' 'Fwd_Packet_Length_Min'
 'Fwd_Packet_Length_Std' 'Google_Index' 'HTTPS_token' 'Iframe'
 'Links_in_tags' 'Links_pointing_to_page' 'Page_Rank' 'Prefix_Suffix'
 'Redirect' 'Request_URL' 'RightClick' 'SFH' 'SSLfinal_State'
 'Shortining_Service' 'Statistical_report' 'Submitting_to_email'
 'Total_Backward_Packets' 'Total_Fwd_Packets'
 'Total_Length_of_Bwd_Packets' 'Total_Length_of_Fwd_Packets' 'URL_Length'
 'URL_of_Anchor' 'age_of_domain' 'byte_entropy_histogram_0'
 'byte_entropy_histogram_1' 'byte_entropy_histogram_10'
 'byte_entropy_histogram_100' 'byte_entropy_histogram_101'
 'byte_entropy_histogram_102' 'byte_entropy_histogram_103'
 'byte_entropy_histogram_104' 'byte_entropy_histogram_105'
 'byte_entropy_histogram_106' 'byte_entropy_histogram_107'
 'byte_entropy_histogram_108' 'byte_entropy_histogram_109'
 'byte_entropy_histogram_11' 'byte_entropy_histogram_110'
 'byte_entropy_histogram_111' 'byte_entropy_histogram_112'
 'byte_entropy_histogram_113' 'byte_entropy_histogram_114'
 'byte_entropy_histogram_115' 'byte_entropy_histogram_116'
 'byte_entropy_histogram_117' 'byte_entropy_histogram_118'
 'byte_entropy_histogram_119' 'byte_entropy_histogram_12'
 'byte_entropy_histogram_120' 'byte_entropy_histogram_121'
 'byte_entropy_histogram_122' 'byte_entropy_histogram_123'
 'byte_entropy_histogram_124' 'byte_entropy_histogram_125'
 'byte_entropy_histogram_126' 'byte_entropy_histogram_127'
 'byte_entropy_histogram_128' 'byte_entropy_histogram_129'
 'byte_entropy_histogram_13' 'byte_entropy_histogram_130'
 'byte_entropy_histogram_131' 'byte_entropy_histogram_132'
 'byte_entropy_histogram_133' 'byte_entropy_histogram_134'
 'byte_entropy_histogram_135' 'byte_entropy_histogram_136'
 'byte_entropy_histogram_137' 'byte_entropy_histogram_138'
 'byte_entropy_histogram_139' 'byte_entropy_histogram_14'
 'byte_entropy_histogram_140' 'byte_entropy_histogram_141'
 'byte_entropy_histogram_142' 'byte_entropy_histogram_143'
 'byte_entropy_histogram_144' 'byte_entropy_histogram_145'
 'byte_entropy_histogram_146' 'byte_entropy_histogram_147'
 'byte_entropy_histogram_148' 'byte_entropy_histogram_149'
 'byte_entropy_histogram_15' 'byte_entropy_histogram_150'
 'byte_entropy_histogram_151' 'byte_entropy_histogram_152'
 'byte_entropy_histogram_153' 'byte_entropy_histogram_154'
 'byte_entropy_histogram_155' 'byte_entropy_histogram_156'
 'byte_entropy_histogram_157' 'byte_entropy_histogram_158'
 'byte_entropy_histogram_159' 'byte_entropy_histogram_16'
 'byte_entropy_histogram_160' 'byte_entropy_histogram_161'
 'byte_entropy_histogram_162' 'byte_entropy_histogram_163'
 'byte_entropy_histogram_164' 'byte_entropy_histogram_165'
 'byte_entropy_histogram_166' 'byte_entropy_histogram_167'
 'byte_entropy_histogram_168' 'byte_entropy_histogram_169'
 'byte_entropy_histogram_17' 'byte_entropy_histogram_170'
 'byte_entropy_histogram_171' 'byte_entropy_histogram_172'
 'byte_entropy_histogram_173' 'byte_entropy_histogram_174'
 'byte_entropy_histogram_175' 'byte_entropy_histogram_176'
 'byte_entropy_histogram_177' 'byte_entropy_histogram_178'
 'byte_entropy_histogram_179' 'byte_entropy_histogram_18'
 'byte_entropy_histogram_180' 'byte_entropy_histogram_181'
 'byte_entropy_histogram_182' 'byte_entropy_histogram_183'
 'byte_entropy_histogram_184' 'byte_entropy_histogram_185'
 'byte_entropy_histogram_186' 'byte_entropy_histogram_187'
 'byte_entropy_histogram_188' 'byte_entropy_histogram_189'
 'byte_entropy_histogram_19' 'byte_entropy_histogram_190'
 'byte_entropy_histogram_191' 'byte_entropy_histogram_192'
 'byte_entropy_histogram_193' 'byte_entropy_histogram_194'
 'byte_entropy_histogram_195' 'byte_entropy_histogram_196'
 'byte_entropy_histogram_197' 'byte_entropy_histogram_198'
 'byte_entropy_histogram_199' 'byte_entropy_histogram_2'
 'byte_entropy_histogram_20' 'byte_entropy_histogram_200'
 'byte_entropy_histogram_201' 'byte_entropy_histogram_202'
 'byte_entropy_histogram_203' 'byte_entropy_histogram_204'
 'byte_entropy_histogram_205' 'byte_entropy_histogram_206'
 'byte_entropy_histogram_207' 'byte_entropy_histogram_208'
 'byte_entropy_histogram_209' 'byte_entropy_histogram_21'
 'byte_entropy_histogram_210' 'byte_entropy_histogram_211'
 'byte_entropy_histogram_212' 'byte_entropy_histogram_213'
 'byte_entropy_histogram_214' 'byte_entropy_histogram_215'
 'byte_entropy_histogram_216' 'byte_entropy_histogram_217'
 'byte_entropy_histogram_218' 'byte_entropy_histogram_219'
 'byte_entropy_histogram_22' 'byte_entropy_histogram_220'
 'byte_entropy_histogram_221' 'byte_entropy_histogram_222'
 'byte_entropy_histogram_223' 'byte_entropy_histogram_224'
 'byte_entropy_histogram_225' 'byte_entropy_histogram_226'
 'byte_entropy_histogram_227' 'byte_entropy_histogram_228'
 'byte_entropy_histogram_229' 'byte_entropy_histogram_23'
 'byte_entropy_histogram_230' 'byte_entropy_histogram_231'
 'byte_entropy_histogram_232' 'byte_entropy_histogram_233'
 'byte_entropy_histogram_234' 'byte_entropy_histogram_235'
 'byte_entropy_histogram_236' 'byte_entropy_histogram_237'
 'byte_entropy_histogram_238' 'byte_entropy_histogram_239'
 'byte_entropy_histogram_24' 'byte_entropy_histogram_240'
 'byte_entropy_histogram_241' 'byte_entropy_histogram_242'
 'byte_entropy_histogram_243' 'byte_entropy_histogram_244'
 'byte_entropy_histogram_245' 'byte_entropy_histogram_246'
 'byte_entropy_histogram_247' 'byte_entropy_histogram_248'
 'byte_entropy_histogram_249' 'byte_entropy_histogram_25'
 'byte_entropy_histogram_250' 'byte_entropy_histogram_251'
 'byte_entropy_histogram_252' 'byte_entropy_histogram_253'
 'byte_entropy_histogram_254' 'byte_entropy_histogram_255'
 'byte_entropy_histogram_26' 'byte_entropy_histogram_27'
 'byte_entropy_histogram_28' 'byte_entropy_histogram_29'
 'byte_entropy_histogram_3' 'byte_entropy_histogram_30'
 'byte_entropy_histogram_31' 'byte_entropy_histogram_32'
 'byte_entropy_histogram_33' 'byte_entropy_histogram_34'
 'byte_entropy_histogram_35' 'byte_entropy_histogram_36'
 'byte_entropy_histogram_37' 'byte_entropy_histogram_38'
 'byte_entropy_histogram_39' 'byte_entropy_histogram_4'
 'byte_entropy_histogram_40' 'byte_entropy_histogram_41'
 'byte_entropy_histogram_42' 'byte_entropy_histogram_43'
 'byte_entropy_histogram_44' 'byte_entropy_histogram_45'
 'byte_entropy_histogram_46' 'byte_entropy_histogram_47'
 'byte_entropy_histogram_48' 'byte_entropy_histogram_49'
 'byte_entropy_histogram_5' 'byte_entropy_histogram_50'
 'byte_entropy_histogram_51' 'byte_entropy_histogram_52'
 'byte_entropy_histogram_53' 'byte_entropy_histogram_54'
 'byte_entropy_histogram_55' 'byte_entropy_histogram_56'
 'byte_entropy_histogram_57' 'byte_entropy_histogram_58'
 'byte_entropy_histogram_59' 'byte_entropy_histogram_6'
 'byte_entropy_histogram_60' 'byte_entropy_histogram_61'
 'byte_entropy_histogram_62' 'byte_entropy_histogram_63'
 'byte_entropy_histogram_64' 'byte_entropy_histogram_65'
 'byte_entropy_histogram_66' 'byte_entropy_histogram_67'
 'byte_entropy_histogram_68' 'byte_entropy_histogram_69'
 'byte_entropy_histogram_7' 'byte_entropy_histogram_70'
 'byte_entropy_histogram_71' 'byte_entropy_histogram_72'
 'byte_entropy_histogram_73' 'byte_entropy_histogram_74'
 'byte_entropy_histogram_75' 'byte_entropy_histogram_76'
 'byte_entropy_histogram_77' 'byte_entropy_histogram_78'
 'byte_entropy_histogram_79' 'byte_entropy_histogram_8'
 'byte_entropy_histogram_80' 'byte_entropy_histogram_81'
 'byte_entropy_histogram_82' 'byte_entropy_histogram_83'
 'byte_entropy_histogram_84' 'byte_entropy_histogram_85'
 'byte_entropy_histogram_86' 'byte_entropy_histogram_87'
 'byte_entropy_histogram_88' 'byte_entropy_histogram_89'
 'byte_entropy_histogram_9' 'byte_entropy_histogram_90'
 'byte_entropy_histogram_91' 'byte_entropy_histogram_92'
 'byte_entropy_histogram_93' 'byte_entropy_histogram_94'
 'byte_entropy_histogram_95' 'byte_entropy_histogram_96'
 'byte_entropy_histogram_97' 'byte_entropy_histogram_98'
 'byte_entropy_histogram_99' 'byte_histogram_0' 'byte_histogram_1'
 'byte_histogram_10' 'byte_histogram_100' 'byte_histogram_101'
 'byte_histogram_102' 'byte_histogram_103' 'byte_histogram_104'
 'byte_histogram_105' 'byte_histogram_106' 'byte_histogram_107'
 'byte_histogram_108' 'byte_histogram_109' 'byte_histogram_11'
 'byte_histogram_110' 'byte_histogram_111' 'byte_histogram_112'
 'byte_histogram_113' 'byte_histogram_114' 'byte_histogram_115'
 'byte_histogram_116' 'byte_histogram_117' 'byte_histogram_118'
 'byte_histogram_119' 'byte_histogram_12' 'byte_histogram_120'
 'byte_histogram_121' 'byte_histogram_122' 'byte_histogram_123'
 'byte_histogram_124' 'byte_histogram_125' 'byte_histogram_126'
 'byte_histogram_127' 'byte_histogram_128' 'byte_histogram_129'
 'byte_histogram_13' 'byte_histogram_130' 'byte_histogram_131'
 'byte_histogram_132' 'byte_histogram_133' 'byte_histogram_134'
 'byte_histogram_135' 'byte_histogram_136' 'byte_histogram_137'
 'byte_histogram_138' 'byte_histogram_139' 'byte_histogram_14'
 'byte_histogram_140' 'byte_histogram_141' 'byte_histogram_142'
 'byte_histogram_143' 'byte_histogram_144' 'byte_histogram_145'
 'byte_histogram_146' 'byte_histogram_147' 'byte_histogram_148'
 'byte_histogram_149' 'byte_histogram_15' 'byte_histogram_150'
 'byte_histogram_151' 'byte_histogram_152' 'byte_histogram_153'
 'byte_histogram_154' 'byte_histogram_155' 'byte_histogram_156'
 'byte_histogram_157' 'byte_histogram_158' 'byte_histogram_159'
 'byte_histogram_16' 'byte_histogram_160' 'byte_histogram_161'
 'byte_histogram_162' 'byte_histogram_163' 'byte_histogram_164'
 'byte_histogram_165' 'byte_histogram_166' 'byte_histogram_167'
 'byte_histogram_168' 'byte_histogram_169' 'byte_histogram_17'
 'byte_histogram_170' 'byte_histogram_171' 'byte_histogram_172'
 'byte_histogram_173' 'byte_histogram_174' 'byte_histogram_175'
 'byte_histogram_176' 'byte_histogram_177' 'byte_histogram_178'
 'byte_histogram_179' 'byte_histogram_18' 'byte_histogram_180'
 'byte_histogram_181' 'byte_histogram_182' 'byte_histogram_183'
 'byte_histogram_184' 'byte_histogram_185' 'byte_histogram_186'
 'byte_histogram_187' 'byte_histogram_188' 'byte_histogram_189'
 'byte_histogram_19' 'byte_histogram_190' 'byte_histogram_191'
 'byte_histogram_192' 'byte_histogram_193' 'byte_histogram_194'
 'byte_histogram_195' 'byte_histogram_196' 'byte_histogram_197'
 'byte_histogram_198' 'byte_histogram_199' 'byte_histogram_2'
 'byte_histogram_20' 'byte_histogram_200' 'byte_histogram_201'
 'byte_histogram_202' 'byte_histogram_203' 'byte_histogram_204'
 'byte_histogram_205' 'byte_histogram_206' 'byte_histogram_207'
 'byte_histogram_208' 'byte_histogram_209' 'byte_histogram_21'
 'byte_histogram_210' 'byte_histogram_211' 'byte_histogram_212'
 'byte_histogram_213' 'byte_histogram_214' 'byte_histogram_215'
 'byte_histogram_216' 'byte_histogram_217' 'byte_histogram_218'
 'byte_histogram_219' 'byte_histogram_22' 'byte_histogram_220'
 'byte_histogram_221' 'byte_histogram_222' 'byte_histogram_223'
 'byte_histogram_224' 'byte_histogram_225' 'byte_histogram_226'
 'byte_histogram_227' 'byte_histogram_228' 'byte_histogram_229'
 'byte_histogram_23' 'byte_histogram_230' 'byte_histogram_231'
 'byte_histogram_232' 'byte_histogram_233' 'byte_histogram_234'
 'byte_histogram_235' 'byte_histogram_236' 'byte_histogram_237'
 'byte_histogram_238' 'byte_histogram_239' 'byte_histogram_24'
 'byte_histogram_240' 'byte_histogram_241' 'byte_histogram_242'
 'byte_histogram_243' 'byte_histogram_244' 'byte_histogram_245'
 'byte_histogram_246' 'byte_histogram_247' 'byte_histogram_248'
 'byte_histogram_249' 'byte_histogram_25' 'byte_histogram_250'
 'byte_histogram_251' 'byte_histogram_252' 'byte_histogram_253'
 'byte_histogram_254' 'byte_histogram_255' 'byte_histogram_26'
 'byte_histogram_27' 'byte_histogram_28' 'byte_histogram_29'
 'byte_histogram_3' 'byte_histogram_30' 'byte_histogram_31'
 'byte_histogram_32' 'byte_histogram_33' 'byte_histogram_34'
 'byte_histogram_35' 'byte_histogram_36' 'byte_histogram_37'
 'byte_histogram_38' 'byte_histogram_39' 'byte_histogram_4'
 'byte_histogram_40' 'byte_histogram_41' 'byte_histogram_42'
 'byte_histogram_43' 'byte_histogram_44' 'byte_histogram_45'
 'byte_histogram_46' 'byte_histogram_47' 'byte_histogram_48'
 'byte_histogram_49' 'byte_histogram_5' 'byte_histogram_50'
 'byte_histogram_51' 'byte_histogram_52' 'byte_histogram_53'
 'byte_histogram_54' 'byte_histogram_55' 'byte_histogram_56'
 'byte_histogram_57' 'byte_histogram_58' 'byte_histogram_59'
 'byte_histogram_6' 'byte_histogram_60' 'byte_histogram_61'
 'byte_histogram_62' 'byte_histogram_63' 'byte_histogram_64'
 'byte_histogram_65' 'byte_histogram_66' 'byte_histogram_67'
 'byte_histogram_68' 'byte_histogram_69' 'byte_histogram_7'
 'byte_histogram_70' 'byte_histogram_71' 'byte_histogram_72'
 'byte_histogram_73' 'byte_histogram_74' 'byte_histogram_75'
 'byte_histogram_76' 'byte_histogram_77' 'byte_histogram_78'
 'byte_histogram_79' 'byte_histogram_8' 'byte_histogram_80'
 'byte_histogram_81' 'byte_histogram_82' 'byte_histogram_83'
 'byte_histogram_84' 'byte_histogram_85' 'byte_histogram_86'
 'byte_histogram_87' 'byte_histogram_88' 'byte_histogram_89'
 'byte_histogram_9' 'byte_histogram_90' 'byte_histogram_91'
 'byte_histogram_92' 'byte_histogram_93' 'byte_histogram_94'
 'byte_histogram_95' 'byte_histogram_96' 'byte_histogram_97'
 'byte_histogram_98' 'byte_histogram_99' 'double_slash_redirecting'
 'exports_0' 'exports_1' 'exports_2' 'exports_3' 'exports_4' 'exports_5'
 'exports_6' 'exports_7' 'exports_8' 'exports_9' 'general_file_info_0'
 'general_file_info_1' 'general_file_info_2' 'general_file_info_3'
 'general_file_info_4' 'general_file_info_5' 'general_file_info_6'
 'general_file_info_7' 'general_file_info_8' 'general_file_info_9'
 'having_At_Symbol' 'having_IP_Address' 'having_Sub_Domain'
 'header_file_info_0' 'header_file_info_1' 'header_file_info_2'
 'header_file_info_3' 'header_file_info_4' 'header_file_info_5'
 'header_file_info_6' 'header_file_info_7' 'header_file_info_8'
 'header_file_info_9' 'imports_0' 'imports_1' 'imports_2' 'imports_3'
 'imports_4' 'imports_5' 'imports_6' 'imports_7' 'imports_8' 'imports_9'
 'on_mouseover' 'popUpWidnow' 'port' 'section_info_0' 'section_info_1'
 'section_info_2' 'section_info_3' 'section_info_4' 'section_info_5'
 'section_info_6' 'section_info_7' 'section_info_8' 'section_info_9'
 'string_extractor_0' 'string_extractor_1' 'string_extractor_2'
 'string_extractor_3' 'string_extractor_4' 'string_extractor_5'
 'string_extractor_6' 'string_extractor_7' 'string_extractor_8'
 'string_extractor_9' 'web_traffic']
2025-06-17 20:11:44,670 - GuardianAI - INFO - Class names: ['0', '1', '10', '11', '12', '13', '2', '3', '4', '5', '6', '7', '8', '9', 'Backdoor', 'Benign', 'Brute Force', 'DDoS', 'Dropper', 'Exploit', 'Keylogger', 'PortScan', 'Ransomware', 'Spyware', 'Trojan', 'Worm']
2025-06-17 20:11:44,674 - GuardianAI - ERROR - Error testing model: 'HighPrecisionThreatDetector' object has no attribute 'prepare_features'
2025-06-17 20:12:39,949 - GuardianAI - INFO - Model loaded successfully
2025-06-17 20:12:39,951 - GuardianAI - INFO - Feature names: ['Abnormal_URL' 'Bwd_Packet_Length_Max' 'Bwd_Packet_Length_Mean'
 'Bwd_Packet_Length_Min' 'Bwd_Packet_Length_Std' 'DNSRecord'
 'Destination_Port' 'Domain_registeration_length' 'Favicon'
 'Flow_Bytes_per_sec' 'Flow_Duration' 'Flow_IAT_Max' 'Flow_IAT_Mean'
 'Flow_IAT_Min' 'Flow_IAT_Std' 'Flow_Packets_per_sec'
 'Fwd_Packet_Length_Max' 'Fwd_Packet_Length_Mean' 'Fwd_Packet_Length_Min'
 'Fwd_Packet_Length_Std' 'Google_Index' 'HTTPS_token' 'Iframe'
 'Links_in_tags' 'Links_pointing_to_page' 'Page_Rank' 'Prefix_Suffix'
 'Redirect' 'Request_URL' 'RightClick' 'SFH' 'SSLfinal_State'
 'Shortining_Service' 'Statistical_report' 'Submitting_to_email'
 'Total_Backward_Packets' 'Total_Fwd_Packets'
 'Total_Length_of_Bwd_Packets' 'Total_Length_of_Fwd_Packets' 'URL_Length'
 'URL_of_Anchor' 'age_of_domain' 'byte_entropy_histogram_0'
 'byte_entropy_histogram_1' 'byte_entropy_histogram_10'
 'byte_entropy_histogram_100' 'byte_entropy_histogram_101'
 'byte_entropy_histogram_102' 'byte_entropy_histogram_103'
 'byte_entropy_histogram_104' 'byte_entropy_histogram_105'
 'byte_entropy_histogram_106' 'byte_entropy_histogram_107'
 'byte_entropy_histogram_108' 'byte_entropy_histogram_109'
 'byte_entropy_histogram_11' 'byte_entropy_histogram_110'
 'byte_entropy_histogram_111' 'byte_entropy_histogram_112'
 'byte_entropy_histogram_113' 'byte_entropy_histogram_114'
 'byte_entropy_histogram_115' 'byte_entropy_histogram_116'
 'byte_entropy_histogram_117' 'byte_entropy_histogram_118'
 'byte_entropy_histogram_119' 'byte_entropy_histogram_12'
 'byte_entropy_histogram_120' 'byte_entropy_histogram_121'
 'byte_entropy_histogram_122' 'byte_entropy_histogram_123'
 'byte_entropy_histogram_124' 'byte_entropy_histogram_125'
 'byte_entropy_histogram_126' 'byte_entropy_histogram_127'
 'byte_entropy_histogram_128' 'byte_entropy_histogram_129'
 'byte_entropy_histogram_13' 'byte_entropy_histogram_130'
 'byte_entropy_histogram_131' 'byte_entropy_histogram_132'
 'byte_entropy_histogram_133' 'byte_entropy_histogram_134'
 'byte_entropy_histogram_135' 'byte_entropy_histogram_136'
 'byte_entropy_histogram_137' 'byte_entropy_histogram_138'
 'byte_entropy_histogram_139' 'byte_entropy_histogram_14'
 'byte_entropy_histogram_140' 'byte_entropy_histogram_141'
 'byte_entropy_histogram_142' 'byte_entropy_histogram_143'
 'byte_entropy_histogram_144' 'byte_entropy_histogram_145'
 'byte_entropy_histogram_146' 'byte_entropy_histogram_147'
 'byte_entropy_histogram_148' 'byte_entropy_histogram_149'
 'byte_entropy_histogram_15' 'byte_entropy_histogram_150'
 'byte_entropy_histogram_151' 'byte_entropy_histogram_152'
 'byte_entropy_histogram_153' 'byte_entropy_histogram_154'
 'byte_entropy_histogram_155' 'byte_entropy_histogram_156'
 'byte_entropy_histogram_157' 'byte_entropy_histogram_158'
 'byte_entropy_histogram_159' 'byte_entropy_histogram_16'
 'byte_entropy_histogram_160' 'byte_entropy_histogram_161'
 'byte_entropy_histogram_162' 'byte_entropy_histogram_163'
 'byte_entropy_histogram_164' 'byte_entropy_histogram_165'
 'byte_entropy_histogram_166' 'byte_entropy_histogram_167'
 'byte_entropy_histogram_168' 'byte_entropy_histogram_169'
 'byte_entropy_histogram_17' 'byte_entropy_histogram_170'
 'byte_entropy_histogram_171' 'byte_entropy_histogram_172'
 'byte_entropy_histogram_173' 'byte_entropy_histogram_174'
 'byte_entropy_histogram_175' 'byte_entropy_histogram_176'
 'byte_entropy_histogram_177' 'byte_entropy_histogram_178'
 'byte_entropy_histogram_179' 'byte_entropy_histogram_18'
 'byte_entropy_histogram_180' 'byte_entropy_histogram_181'
 'byte_entropy_histogram_182' 'byte_entropy_histogram_183'
 'byte_entropy_histogram_184' 'byte_entropy_histogram_185'
 'byte_entropy_histogram_186' 'byte_entropy_histogram_187'
 'byte_entropy_histogram_188' 'byte_entropy_histogram_189'
 'byte_entropy_histogram_19' 'byte_entropy_histogram_190'
 'byte_entropy_histogram_191' 'byte_entropy_histogram_192'
 'byte_entropy_histogram_193' 'byte_entropy_histogram_194'
 'byte_entropy_histogram_195' 'byte_entropy_histogram_196'
 'byte_entropy_histogram_197' 'byte_entropy_histogram_198'
 'byte_entropy_histogram_199' 'byte_entropy_histogram_2'
 'byte_entropy_histogram_20' 'byte_entropy_histogram_200'
 'byte_entropy_histogram_201' 'byte_entropy_histogram_202'
 'byte_entropy_histogram_203' 'byte_entropy_histogram_204'
 'byte_entropy_histogram_205' 'byte_entropy_histogram_206'
 'byte_entropy_histogram_207' 'byte_entropy_histogram_208'
 'byte_entropy_histogram_209' 'byte_entropy_histogram_21'
 'byte_entropy_histogram_210' 'byte_entropy_histogram_211'
 'byte_entropy_histogram_212' 'byte_entropy_histogram_213'
 'byte_entropy_histogram_214' 'byte_entropy_histogram_215'
 'byte_entropy_histogram_216' 'byte_entropy_histogram_217'
 'byte_entropy_histogram_218' 'byte_entropy_histogram_219'
 'byte_entropy_histogram_22' 'byte_entropy_histogram_220'
 'byte_entropy_histogram_221' 'byte_entropy_histogram_222'
 'byte_entropy_histogram_223' 'byte_entropy_histogram_224'
 'byte_entropy_histogram_225' 'byte_entropy_histogram_226'
 'byte_entropy_histogram_227' 'byte_entropy_histogram_228'
 'byte_entropy_histogram_229' 'byte_entropy_histogram_23'
 'byte_entropy_histogram_230' 'byte_entropy_histogram_231'
 'byte_entropy_histogram_232' 'byte_entropy_histogram_233'
 'byte_entropy_histogram_234' 'byte_entropy_histogram_235'
 'byte_entropy_histogram_236' 'byte_entropy_histogram_237'
 'byte_entropy_histogram_238' 'byte_entropy_histogram_239'
 'byte_entropy_histogram_24' 'byte_entropy_histogram_240'
 'byte_entropy_histogram_241' 'byte_entropy_histogram_242'
 'byte_entropy_histogram_243' 'byte_entropy_histogram_244'
 'byte_entropy_histogram_245' 'byte_entropy_histogram_246'
 'byte_entropy_histogram_247' 'byte_entropy_histogram_248'
 'byte_entropy_histogram_249' 'byte_entropy_histogram_25'
 'byte_entropy_histogram_250' 'byte_entropy_histogram_251'
 'byte_entropy_histogram_252' 'byte_entropy_histogram_253'
 'byte_entropy_histogram_254' 'byte_entropy_histogram_255'
 'byte_entropy_histogram_26' 'byte_entropy_histogram_27'
 'byte_entropy_histogram_28' 'byte_entropy_histogram_29'
 'byte_entropy_histogram_3' 'byte_entropy_histogram_30'
 'byte_entropy_histogram_31' 'byte_entropy_histogram_32'
 'byte_entropy_histogram_33' 'byte_entropy_histogram_34'
 'byte_entropy_histogram_35' 'byte_entropy_histogram_36'
 'byte_entropy_histogram_37' 'byte_entropy_histogram_38'
 'byte_entropy_histogram_39' 'byte_entropy_histogram_4'
 'byte_entropy_histogram_40' 'byte_entropy_histogram_41'
 'byte_entropy_histogram_42' 'byte_entropy_histogram_43'
 'byte_entropy_histogram_44' 'byte_entropy_histogram_45'
 'byte_entropy_histogram_46' 'byte_entropy_histogram_47'
 'byte_entropy_histogram_48' 'byte_entropy_histogram_49'
 'byte_entropy_histogram_5' 'byte_entropy_histogram_50'
 'byte_entropy_histogram_51' 'byte_entropy_histogram_52'
 'byte_entropy_histogram_53' 'byte_entropy_histogram_54'
 'byte_entropy_histogram_55' 'byte_entropy_histogram_56'
 'byte_entropy_histogram_57' 'byte_entropy_histogram_58'
 'byte_entropy_histogram_59' 'byte_entropy_histogram_6'
 'byte_entropy_histogram_60' 'byte_entropy_histogram_61'
 'byte_entropy_histogram_62' 'byte_entropy_histogram_63'
 'byte_entropy_histogram_64' 'byte_entropy_histogram_65'
 'byte_entropy_histogram_66' 'byte_entropy_histogram_67'
 'byte_entropy_histogram_68' 'byte_entropy_histogram_69'
 'byte_entropy_histogram_7' 'byte_entropy_histogram_70'
 'byte_entropy_histogram_71' 'byte_entropy_histogram_72'
 'byte_entropy_histogram_73' 'byte_entropy_histogram_74'
 'byte_entropy_histogram_75' 'byte_entropy_histogram_76'
 'byte_entropy_histogram_77' 'byte_entropy_histogram_78'
 'byte_entropy_histogram_79' 'byte_entropy_histogram_8'
 'byte_entropy_histogram_80' 'byte_entropy_histogram_81'
 'byte_entropy_histogram_82' 'byte_entropy_histogram_83'
 'byte_entropy_histogram_84' 'byte_entropy_histogram_85'
 'byte_entropy_histogram_86' 'byte_entropy_histogram_87'
 'byte_entropy_histogram_88' 'byte_entropy_histogram_89'
 'byte_entropy_histogram_9' 'byte_entropy_histogram_90'
 'byte_entropy_histogram_91' 'byte_entropy_histogram_92'
 'byte_entropy_histogram_93' 'byte_entropy_histogram_94'
 'byte_entropy_histogram_95' 'byte_entropy_histogram_96'
 'byte_entropy_histogram_97' 'byte_entropy_histogram_98'
 'byte_entropy_histogram_99' 'byte_histogram_0' 'byte_histogram_1'
 'byte_histogram_10' 'byte_histogram_100' 'byte_histogram_101'
 'byte_histogram_102' 'byte_histogram_103' 'byte_histogram_104'
 'byte_histogram_105' 'byte_histogram_106' 'byte_histogram_107'
 'byte_histogram_108' 'byte_histogram_109' 'byte_histogram_11'
 'byte_histogram_110' 'byte_histogram_111' 'byte_histogram_112'
 'byte_histogram_113' 'byte_histogram_114' 'byte_histogram_115'
 'byte_histogram_116' 'byte_histogram_117' 'byte_histogram_118'
 'byte_histogram_119' 'byte_histogram_12' 'byte_histogram_120'
 'byte_histogram_121' 'byte_histogram_122' 'byte_histogram_123'
 'byte_histogram_124' 'byte_histogram_125' 'byte_histogram_126'
 'byte_histogram_127' 'byte_histogram_128' 'byte_histogram_129'
 'byte_histogram_13' 'byte_histogram_130' 'byte_histogram_131'
 'byte_histogram_132' 'byte_histogram_133' 'byte_histogram_134'
 'byte_histogram_135' 'byte_histogram_136' 'byte_histogram_137'
 'byte_histogram_138' 'byte_histogram_139' 'byte_histogram_14'
 'byte_histogram_140' 'byte_histogram_141' 'byte_histogram_142'
 'byte_histogram_143' 'byte_histogram_144' 'byte_histogram_145'
 'byte_histogram_146' 'byte_histogram_147' 'byte_histogram_148'
 'byte_histogram_149' 'byte_histogram_15' 'byte_histogram_150'
 'byte_histogram_151' 'byte_histogram_152' 'byte_histogram_153'
 'byte_histogram_154' 'byte_histogram_155' 'byte_histogram_156'
 'byte_histogram_157' 'byte_histogram_158' 'byte_histogram_159'
 'byte_histogram_16' 'byte_histogram_160' 'byte_histogram_161'
 'byte_histogram_162' 'byte_histogram_163' 'byte_histogram_164'
 'byte_histogram_165' 'byte_histogram_166' 'byte_histogram_167'
 'byte_histogram_168' 'byte_histogram_169' 'byte_histogram_17'
 'byte_histogram_170' 'byte_histogram_171' 'byte_histogram_172'
 'byte_histogram_173' 'byte_histogram_174' 'byte_histogram_175'
 'byte_histogram_176' 'byte_histogram_177' 'byte_histogram_178'
 'byte_histogram_179' 'byte_histogram_18' 'byte_histogram_180'
 'byte_histogram_181' 'byte_histogram_182' 'byte_histogram_183'
 'byte_histogram_184' 'byte_histogram_185' 'byte_histogram_186'
 'byte_histogram_187' 'byte_histogram_188' 'byte_histogram_189'
 'byte_histogram_19' 'byte_histogram_190' 'byte_histogram_191'
 'byte_histogram_192' 'byte_histogram_193' 'byte_histogram_194'
 'byte_histogram_195' 'byte_histogram_196' 'byte_histogram_197'
 'byte_histogram_198' 'byte_histogram_199' 'byte_histogram_2'
 'byte_histogram_20' 'byte_histogram_200' 'byte_histogram_201'
 'byte_histogram_202' 'byte_histogram_203' 'byte_histogram_204'
 'byte_histogram_205' 'byte_histogram_206' 'byte_histogram_207'
 'byte_histogram_208' 'byte_histogram_209' 'byte_histogram_21'
 'byte_histogram_210' 'byte_histogram_211' 'byte_histogram_212'
 'byte_histogram_213' 'byte_histogram_214' 'byte_histogram_215'
 'byte_histogram_216' 'byte_histogram_217' 'byte_histogram_218'
 'byte_histogram_219' 'byte_histogram_22' 'byte_histogram_220'
 'byte_histogram_221' 'byte_histogram_222' 'byte_histogram_223'
 'byte_histogram_224' 'byte_histogram_225' 'byte_histogram_226'
 'byte_histogram_227' 'byte_histogram_228' 'byte_histogram_229'
 'byte_histogram_23' 'byte_histogram_230' 'byte_histogram_231'
 'byte_histogram_232' 'byte_histogram_233' 'byte_histogram_234'
 'byte_histogram_235' 'byte_histogram_236' 'byte_histogram_237'
 'byte_histogram_238' 'byte_histogram_239' 'byte_histogram_24'
 'byte_histogram_240' 'byte_histogram_241' 'byte_histogram_242'
 'byte_histogram_243' 'byte_histogram_244' 'byte_histogram_245'
 'byte_histogram_246' 'byte_histogram_247' 'byte_histogram_248'
 'byte_histogram_249' 'byte_histogram_25' 'byte_histogram_250'
 'byte_histogram_251' 'byte_histogram_252' 'byte_histogram_253'
 'byte_histogram_254' 'byte_histogram_255' 'byte_histogram_26'
 'byte_histogram_27' 'byte_histogram_28' 'byte_histogram_29'
 'byte_histogram_3' 'byte_histogram_30' 'byte_histogram_31'
 'byte_histogram_32' 'byte_histogram_33' 'byte_histogram_34'
 'byte_histogram_35' 'byte_histogram_36' 'byte_histogram_37'
 'byte_histogram_38' 'byte_histogram_39' 'byte_histogram_4'
 'byte_histogram_40' 'byte_histogram_41' 'byte_histogram_42'
 'byte_histogram_43' 'byte_histogram_44' 'byte_histogram_45'
 'byte_histogram_46' 'byte_histogram_47' 'byte_histogram_48'
 'byte_histogram_49' 'byte_histogram_5' 'byte_histogram_50'
 'byte_histogram_51' 'byte_histogram_52' 'byte_histogram_53'
 'byte_histogram_54' 'byte_histogram_55' 'byte_histogram_56'
 'byte_histogram_57' 'byte_histogram_58' 'byte_histogram_59'
 'byte_histogram_6' 'byte_histogram_60' 'byte_histogram_61'
 'byte_histogram_62' 'byte_histogram_63' 'byte_histogram_64'
 'byte_histogram_65' 'byte_histogram_66' 'byte_histogram_67'
 'byte_histogram_68' 'byte_histogram_69' 'byte_histogram_7'
 'byte_histogram_70' 'byte_histogram_71' 'byte_histogram_72'
 'byte_histogram_73' 'byte_histogram_74' 'byte_histogram_75'
 'byte_histogram_76' 'byte_histogram_77' 'byte_histogram_78'
 'byte_histogram_79' 'byte_histogram_8' 'byte_histogram_80'
 'byte_histogram_81' 'byte_histogram_82' 'byte_histogram_83'
 'byte_histogram_84' 'byte_histogram_85' 'byte_histogram_86'
 'byte_histogram_87' 'byte_histogram_88' 'byte_histogram_89'
 'byte_histogram_9' 'byte_histogram_90' 'byte_histogram_91'
 'byte_histogram_92' 'byte_histogram_93' 'byte_histogram_94'
 'byte_histogram_95' 'byte_histogram_96' 'byte_histogram_97'
 'byte_histogram_98' 'byte_histogram_99' 'double_slash_redirecting'
 'exports_0' 'exports_1' 'exports_2' 'exports_3' 'exports_4' 'exports_5'
 'exports_6' 'exports_7' 'exports_8' 'exports_9' 'general_file_info_0'
 'general_file_info_1' 'general_file_info_2' 'general_file_info_3'
 'general_file_info_4' 'general_file_info_5' 'general_file_info_6'
 'general_file_info_7' 'general_file_info_8' 'general_file_info_9'
 'having_At_Symbol' 'having_IP_Address' 'having_Sub_Domain'
 'header_file_info_0' 'header_file_info_1' 'header_file_info_2'
 'header_file_info_3' 'header_file_info_4' 'header_file_info_5'
 'header_file_info_6' 'header_file_info_7' 'header_file_info_8'
 'header_file_info_9' 'imports_0' 'imports_1' 'imports_2' 'imports_3'
 'imports_4' 'imports_5' 'imports_6' 'imports_7' 'imports_8' 'imports_9'
 'on_mouseover' 'popUpWidnow' 'port' 'section_info_0' 'section_info_1'
 'section_info_2' 'section_info_3' 'section_info_4' 'section_info_5'
 'section_info_6' 'section_info_7' 'section_info_8' 'section_info_9'
 'string_extractor_0' 'string_extractor_1' 'string_extractor_2'
 'string_extractor_3' 'string_extractor_4' 'string_extractor_5'
 'string_extractor_6' 'string_extractor_7' 'string_extractor_8'
 'string_extractor_9' 'web_traffic']
2025-06-17 20:12:39,994 - GuardianAI - INFO - Class names: ['0', '1', '10', '11', '12', '13', '2', '3', '4', '5', '6', '7', '8', '9', 'Backdoor', 'Benign', 'Brute Force', 'DDoS', 'Dropper', 'Exploit', 'Keylogger', 'PortScan', 'Ransomware', 'Spyware', 'Trojan', 'Worm']
2025-06-17 20:12:40,137 - GuardianAI - ERROR - Error testing model: ThreatAnalysisResult.__init__() missing 1 required positional argument: 'original_text'
2025-06-17 20:13:28,989 - GuardianAI - INFO - Model loaded successfully
2025-06-17 20:13:28,992 - GuardianAI - INFO - Feature names: ['Abnormal_URL' 'Bwd_Packet_Length_Max' 'Bwd_Packet_Length_Mean'
 'Bwd_Packet_Length_Min' 'Bwd_Packet_Length_Std' 'DNSRecord'
 'Destination_Port' 'Domain_registeration_length' 'Favicon'
 'Flow_Bytes_per_sec' 'Flow_Duration' 'Flow_IAT_Max' 'Flow_IAT_Mean'
 'Flow_IAT_Min' 'Flow_IAT_Std' 'Flow_Packets_per_sec'
 'Fwd_Packet_Length_Max' 'Fwd_Packet_Length_Mean' 'Fwd_Packet_Length_Min'
 'Fwd_Packet_Length_Std' 'Google_Index' 'HTTPS_token' 'Iframe'
 'Links_in_tags' 'Links_pointing_to_page' 'Page_Rank' 'Prefix_Suffix'
 'Redirect' 'Request_URL' 'RightClick' 'SFH' 'SSLfinal_State'
 'Shortining_Service' 'Statistical_report' 'Submitting_to_email'
 'Total_Backward_Packets' 'Total_Fwd_Packets'
 'Total_Length_of_Bwd_Packets' 'Total_Length_of_Fwd_Packets' 'URL_Length'
 'URL_of_Anchor' 'age_of_domain' 'byte_entropy_histogram_0'
 'byte_entropy_histogram_1' 'byte_entropy_histogram_10'
 'byte_entropy_histogram_100' 'byte_entropy_histogram_101'
 'byte_entropy_histogram_102' 'byte_entropy_histogram_103'
 'byte_entropy_histogram_104' 'byte_entropy_histogram_105'
 'byte_entropy_histogram_106' 'byte_entropy_histogram_107'
 'byte_entropy_histogram_108' 'byte_entropy_histogram_109'
 'byte_entropy_histogram_11' 'byte_entropy_histogram_110'
 'byte_entropy_histogram_111' 'byte_entropy_histogram_112'
 'byte_entropy_histogram_113' 'byte_entropy_histogram_114'
 'byte_entropy_histogram_115' 'byte_entropy_histogram_116'
 'byte_entropy_histogram_117' 'byte_entropy_histogram_118'
 'byte_entropy_histogram_119' 'byte_entropy_histogram_12'
 'byte_entropy_histogram_120' 'byte_entropy_histogram_121'
 'byte_entropy_histogram_122' 'byte_entropy_histogram_123'
 'byte_entropy_histogram_124' 'byte_entropy_histogram_125'
 'byte_entropy_histogram_126' 'byte_entropy_histogram_127'
 'byte_entropy_histogram_128' 'byte_entropy_histogram_129'
 'byte_entropy_histogram_13' 'byte_entropy_histogram_130'
 'byte_entropy_histogram_131' 'byte_entropy_histogram_132'
 'byte_entropy_histogram_133' 'byte_entropy_histogram_134'
 'byte_entropy_histogram_135' 'byte_entropy_histogram_136'
 'byte_entropy_histogram_137' 'byte_entropy_histogram_138'
 'byte_entropy_histogram_139' 'byte_entropy_histogram_14'
 'byte_entropy_histogram_140' 'byte_entropy_histogram_141'
 'byte_entropy_histogram_142' 'byte_entropy_histogram_143'
 'byte_entropy_histogram_144' 'byte_entropy_histogram_145'
 'byte_entropy_histogram_146' 'byte_entropy_histogram_147'
 'byte_entropy_histogram_148' 'byte_entropy_histogram_149'
 'byte_entropy_histogram_15' 'byte_entropy_histogram_150'
 'byte_entropy_histogram_151' 'byte_entropy_histogram_152'
 'byte_entropy_histogram_153' 'byte_entropy_histogram_154'
 'byte_entropy_histogram_155' 'byte_entropy_histogram_156'
 'byte_entropy_histogram_157' 'byte_entropy_histogram_158'
 'byte_entropy_histogram_159' 'byte_entropy_histogram_16'
 'byte_entropy_histogram_160' 'byte_entropy_histogram_161'
 'byte_entropy_histogram_162' 'byte_entropy_histogram_163'
 'byte_entropy_histogram_164' 'byte_entropy_histogram_165'
 'byte_entropy_histogram_166' 'byte_entropy_histogram_167'
 'byte_entropy_histogram_168' 'byte_entropy_histogram_169'
 'byte_entropy_histogram_17' 'byte_entropy_histogram_170'
 'byte_entropy_histogram_171' 'byte_entropy_histogram_172'
 'byte_entropy_histogram_173' 'byte_entropy_histogram_174'
 'byte_entropy_histogram_175' 'byte_entropy_histogram_176'
 'byte_entropy_histogram_177' 'byte_entropy_histogram_178'
 'byte_entropy_histogram_179' 'byte_entropy_histogram_18'
 'byte_entropy_histogram_180' 'byte_entropy_histogram_181'
 'byte_entropy_histogram_182' 'byte_entropy_histogram_183'
 'byte_entropy_histogram_184' 'byte_entropy_histogram_185'
 'byte_entropy_histogram_186' 'byte_entropy_histogram_187'
 'byte_entropy_histogram_188' 'byte_entropy_histogram_189'
 'byte_entropy_histogram_19' 'byte_entropy_histogram_190'
 'byte_entropy_histogram_191' 'byte_entropy_histogram_192'
 'byte_entropy_histogram_193' 'byte_entropy_histogram_194'
 'byte_entropy_histogram_195' 'byte_entropy_histogram_196'
 'byte_entropy_histogram_197' 'byte_entropy_histogram_198'
 'byte_entropy_histogram_199' 'byte_entropy_histogram_2'
 'byte_entropy_histogram_20' 'byte_entropy_histogram_200'
 'byte_entropy_histogram_201' 'byte_entropy_histogram_202'
 'byte_entropy_histogram_203' 'byte_entropy_histogram_204'
 'byte_entropy_histogram_205' 'byte_entropy_histogram_206'
 'byte_entropy_histogram_207' 'byte_entropy_histogram_208'
 'byte_entropy_histogram_209' 'byte_entropy_histogram_21'
 'byte_entropy_histogram_210' 'byte_entropy_histogram_211'
 'byte_entropy_histogram_212' 'byte_entropy_histogram_213'
 'byte_entropy_histogram_214' 'byte_entropy_histogram_215'
 'byte_entropy_histogram_216' 'byte_entropy_histogram_217'
 'byte_entropy_histogram_218' 'byte_entropy_histogram_219'
 'byte_entropy_histogram_22' 'byte_entropy_histogram_220'
 'byte_entropy_histogram_221' 'byte_entropy_histogram_222'
 'byte_entropy_histogram_223' 'byte_entropy_histogram_224'
 'byte_entropy_histogram_225' 'byte_entropy_histogram_226'
 'byte_entropy_histogram_227' 'byte_entropy_histogram_228'
 'byte_entropy_histogram_229' 'byte_entropy_histogram_23'
 'byte_entropy_histogram_230' 'byte_entropy_histogram_231'
 'byte_entropy_histogram_232' 'byte_entropy_histogram_233'
 'byte_entropy_histogram_234' 'byte_entropy_histogram_235'
 'byte_entropy_histogram_236' 'byte_entropy_histogram_237'
 'byte_entropy_histogram_238' 'byte_entropy_histogram_239'
 'byte_entropy_histogram_24' 'byte_entropy_histogram_240'
 'byte_entropy_histogram_241' 'byte_entropy_histogram_242'
 'byte_entropy_histogram_243' 'byte_entropy_histogram_244'
 'byte_entropy_histogram_245' 'byte_entropy_histogram_246'
 'byte_entropy_histogram_247' 'byte_entropy_histogram_248'
 'byte_entropy_histogram_249' 'byte_entropy_histogram_25'
 'byte_entropy_histogram_250' 'byte_entropy_histogram_251'
 'byte_entropy_histogram_252' 'byte_entropy_histogram_253'
 'byte_entropy_histogram_254' 'byte_entropy_histogram_255'
 'byte_entropy_histogram_26' 'byte_entropy_histogram_27'
 'byte_entropy_histogram_28' 'byte_entropy_histogram_29'
 'byte_entropy_histogram_3' 'byte_entropy_histogram_30'
 'byte_entropy_histogram_31' 'byte_entropy_histogram_32'
 'byte_entropy_histogram_33' 'byte_entropy_histogram_34'
 'byte_entropy_histogram_35' 'byte_entropy_histogram_36'
 'byte_entropy_histogram_37' 'byte_entropy_histogram_38'
 'byte_entropy_histogram_39' 'byte_entropy_histogram_4'
 'byte_entropy_histogram_40' 'byte_entropy_histogram_41'
 'byte_entropy_histogram_42' 'byte_entropy_histogram_43'
 'byte_entropy_histogram_44' 'byte_entropy_histogram_45'
 'byte_entropy_histogram_46' 'byte_entropy_histogram_47'
 'byte_entropy_histogram_48' 'byte_entropy_histogram_49'
 'byte_entropy_histogram_5' 'byte_entropy_histogram_50'
 'byte_entropy_histogram_51' 'byte_entropy_histogram_52'
 'byte_entropy_histogram_53' 'byte_entropy_histogram_54'
 'byte_entropy_histogram_55' 'byte_entropy_histogram_56'
 'byte_entropy_histogram_57' 'byte_entropy_histogram_58'
 'byte_entropy_histogram_59' 'byte_entropy_histogram_6'
 'byte_entropy_histogram_60' 'byte_entropy_histogram_61'
 'byte_entropy_histogram_62' 'byte_entropy_histogram_63'
 'byte_entropy_histogram_64' 'byte_entropy_histogram_65'
 'byte_entropy_histogram_66' 'byte_entropy_histogram_67'
 'byte_entropy_histogram_68' 'byte_entropy_histogram_69'
 'byte_entropy_histogram_7' 'byte_entropy_histogram_70'
 'byte_entropy_histogram_71' 'byte_entropy_histogram_72'
 'byte_entropy_histogram_73' 'byte_entropy_histogram_74'
 'byte_entropy_histogram_75' 'byte_entropy_histogram_76'
 'byte_entropy_histogram_77' 'byte_entropy_histogram_78'
 'byte_entropy_histogram_79' 'byte_entropy_histogram_8'
 'byte_entropy_histogram_80' 'byte_entropy_histogram_81'
 'byte_entropy_histogram_82' 'byte_entropy_histogram_83'
 'byte_entropy_histogram_84' 'byte_entropy_histogram_85'
 'byte_entropy_histogram_86' 'byte_entropy_histogram_87'
 'byte_entropy_histogram_88' 'byte_entropy_histogram_89'
 'byte_entropy_histogram_9' 'byte_entropy_histogram_90'
 'byte_entropy_histogram_91' 'byte_entropy_histogram_92'
 'byte_entropy_histogram_93' 'byte_entropy_histogram_94'
 'byte_entropy_histogram_95' 'byte_entropy_histogram_96'
 'byte_entropy_histogram_97' 'byte_entropy_histogram_98'
 'byte_entropy_histogram_99' 'byte_histogram_0' 'byte_histogram_1'
 'byte_histogram_10' 'byte_histogram_100' 'byte_histogram_101'
 'byte_histogram_102' 'byte_histogram_103' 'byte_histogram_104'
 'byte_histogram_105' 'byte_histogram_106' 'byte_histogram_107'
 'byte_histogram_108' 'byte_histogram_109' 'byte_histogram_11'
 'byte_histogram_110' 'byte_histogram_111' 'byte_histogram_112'
 'byte_histogram_113' 'byte_histogram_114' 'byte_histogram_115'
 'byte_histogram_116' 'byte_histogram_117' 'byte_histogram_118'
 'byte_histogram_119' 'byte_histogram_12' 'byte_histogram_120'
 'byte_histogram_121' 'byte_histogram_122' 'byte_histogram_123'
 'byte_histogram_124' 'byte_histogram_125' 'byte_histogram_126'
 'byte_histogram_127' 'byte_histogram_128' 'byte_histogram_129'
 'byte_histogram_13' 'byte_histogram_130' 'byte_histogram_131'
 'byte_histogram_132' 'byte_histogram_133' 'byte_histogram_134'
 'byte_histogram_135' 'byte_histogram_136' 'byte_histogram_137'
 'byte_histogram_138' 'byte_histogram_139' 'byte_histogram_14'
 'byte_histogram_140' 'byte_histogram_141' 'byte_histogram_142'
 'byte_histogram_143' 'byte_histogram_144' 'byte_histogram_145'
 'byte_histogram_146' 'byte_histogram_147' 'byte_histogram_148'
 'byte_histogram_149' 'byte_histogram_15' 'byte_histogram_150'
 'byte_histogram_151' 'byte_histogram_152' 'byte_histogram_153'
 'byte_histogram_154' 'byte_histogram_155' 'byte_histogram_156'
 'byte_histogram_157' 'byte_histogram_158' 'byte_histogram_159'
 'byte_histogram_16' 'byte_histogram_160' 'byte_histogram_161'
 'byte_histogram_162' 'byte_histogram_163' 'byte_histogram_164'
 'byte_histogram_165' 'byte_histogram_166' 'byte_histogram_167'
 'byte_histogram_168' 'byte_histogram_169' 'byte_histogram_17'
 'byte_histogram_170' 'byte_histogram_171' 'byte_histogram_172'
 'byte_histogram_173' 'byte_histogram_174' 'byte_histogram_175'
 'byte_histogram_176' 'byte_histogram_177' 'byte_histogram_178'
 'byte_histogram_179' 'byte_histogram_18' 'byte_histogram_180'
 'byte_histogram_181' 'byte_histogram_182' 'byte_histogram_183'
 'byte_histogram_184' 'byte_histogram_185' 'byte_histogram_186'
 'byte_histogram_187' 'byte_histogram_188' 'byte_histogram_189'
 'byte_histogram_19' 'byte_histogram_190' 'byte_histogram_191'
 'byte_histogram_192' 'byte_histogram_193' 'byte_histogram_194'
 'byte_histogram_195' 'byte_histogram_196' 'byte_histogram_197'
 'byte_histogram_198' 'byte_histogram_199' 'byte_histogram_2'
 'byte_histogram_20' 'byte_histogram_200' 'byte_histogram_201'
 'byte_histogram_202' 'byte_histogram_203' 'byte_histogram_204'
 'byte_histogram_205' 'byte_histogram_206' 'byte_histogram_207'
 'byte_histogram_208' 'byte_histogram_209' 'byte_histogram_21'
 'byte_histogram_210' 'byte_histogram_211' 'byte_histogram_212'
 'byte_histogram_213' 'byte_histogram_214' 'byte_histogram_215'
 'byte_histogram_216' 'byte_histogram_217' 'byte_histogram_218'
 'byte_histogram_219' 'byte_histogram_22' 'byte_histogram_220'
 'byte_histogram_221' 'byte_histogram_222' 'byte_histogram_223'
 'byte_histogram_224' 'byte_histogram_225' 'byte_histogram_226'
 'byte_histogram_227' 'byte_histogram_228' 'byte_histogram_229'
 'byte_histogram_23' 'byte_histogram_230' 'byte_histogram_231'
 'byte_histogram_232' 'byte_histogram_233' 'byte_histogram_234'
 'byte_histogram_235' 'byte_histogram_236' 'byte_histogram_237'
 'byte_histogram_238' 'byte_histogram_239' 'byte_histogram_24'
 'byte_histogram_240' 'byte_histogram_241' 'byte_histogram_242'
 'byte_histogram_243' 'byte_histogram_244' 'byte_histogram_245'
 'byte_histogram_246' 'byte_histogram_247' 'byte_histogram_248'
 'byte_histogram_249' 'byte_histogram_25' 'byte_histogram_250'
 'byte_histogram_251' 'byte_histogram_252' 'byte_histogram_253'
 'byte_histogram_254' 'byte_histogram_255' 'byte_histogram_26'
 'byte_histogram_27' 'byte_histogram_28' 'byte_histogram_29'
 'byte_histogram_3' 'byte_histogram_30' 'byte_histogram_31'
 'byte_histogram_32' 'byte_histogram_33' 'byte_histogram_34'
 'byte_histogram_35' 'byte_histogram_36' 'byte_histogram_37'
 'byte_histogram_38' 'byte_histogram_39' 'byte_histogram_4'
 'byte_histogram_40' 'byte_histogram_41' 'byte_histogram_42'
 'byte_histogram_43' 'byte_histogram_44' 'byte_histogram_45'
 'byte_histogram_46' 'byte_histogram_47' 'byte_histogram_48'
 'byte_histogram_49' 'byte_histogram_5' 'byte_histogram_50'
 'byte_histogram_51' 'byte_histogram_52' 'byte_histogram_53'
 'byte_histogram_54' 'byte_histogram_55' 'byte_histogram_56'
 'byte_histogram_57' 'byte_histogram_58' 'byte_histogram_59'
 'byte_histogram_6' 'byte_histogram_60' 'byte_histogram_61'
 'byte_histogram_62' 'byte_histogram_63' 'byte_histogram_64'
 'byte_histogram_65' 'byte_histogram_66' 'byte_histogram_67'
 'byte_histogram_68' 'byte_histogram_69' 'byte_histogram_7'
 'byte_histogram_70' 'byte_histogram_71' 'byte_histogram_72'
 'byte_histogram_73' 'byte_histogram_74' 'byte_histogram_75'
 'byte_histogram_76' 'byte_histogram_77' 'byte_histogram_78'
 'byte_histogram_79' 'byte_histogram_8' 'byte_histogram_80'
 'byte_histogram_81' 'byte_histogram_82' 'byte_histogram_83'
 'byte_histogram_84' 'byte_histogram_85' 'byte_histogram_86'
 'byte_histogram_87' 'byte_histogram_88' 'byte_histogram_89'
 'byte_histogram_9' 'byte_histogram_90' 'byte_histogram_91'
 'byte_histogram_92' 'byte_histogram_93' 'byte_histogram_94'
 'byte_histogram_95' 'byte_histogram_96' 'byte_histogram_97'
 'byte_histogram_98' 'byte_histogram_99' 'double_slash_redirecting'
 'exports_0' 'exports_1' 'exports_2' 'exports_3' 'exports_4' 'exports_5'
 'exports_6' 'exports_7' 'exports_8' 'exports_9' 'general_file_info_0'
 'general_file_info_1' 'general_file_info_2' 'general_file_info_3'
 'general_file_info_4' 'general_file_info_5' 'general_file_info_6'
 'general_file_info_7' 'general_file_info_8' 'general_file_info_9'
 'having_At_Symbol' 'having_IP_Address' 'having_Sub_Domain'
 'header_file_info_0' 'header_file_info_1' 'header_file_info_2'
 'header_file_info_3' 'header_file_info_4' 'header_file_info_5'
 'header_file_info_6' 'header_file_info_7' 'header_file_info_8'
 'header_file_info_9' 'imports_0' 'imports_1' 'imports_2' 'imports_3'
 'imports_4' 'imports_5' 'imports_6' 'imports_7' 'imports_8' 'imports_9'
 'on_mouseover' 'popUpWidnow' 'port' 'section_info_0' 'section_info_1'
 'section_info_2' 'section_info_3' 'section_info_4' 'section_info_5'
 'section_info_6' 'section_info_7' 'section_info_8' 'section_info_9'
 'string_extractor_0' 'string_extractor_1' 'string_extractor_2'
 'string_extractor_3' 'string_extractor_4' 'string_extractor_5'
 'string_extractor_6' 'string_extractor_7' 'string_extractor_8'
 'string_extractor_9' 'web_traffic']
2025-06-17 20:13:29,040 - GuardianAI - INFO - Class names: ['0', '1', '10', '11', '12', '13', '2', '3', '4', '5', '6', '7', '8', '9', 'Backdoor', 'Benign', 'Brute Force', 'DDoS', 'Dropper', 'Exploit', 'Keylogger', 'PortScan', 'Ransomware', 'Spyware', 'Trojan', 'Worm']
2025-06-18 21:45:00,341 - GuardianAI - INFO - [31m[1mWARNING: This is a development server. Do not use it in a production deployment. Use a production WSGI server instead.[0m
 * Running on https://127.0.0.1:5000
2025-06-18 21:45:00,342 - GuardianAI - INFO - [33mPress CTRL+C to quit[0m
2025-06-18 21:48:22,693 - GuardianAI - INFO - [31m[1mWARNING: This is a development server. Do not use it in a production deployment. Use a production WSGI server instead.[0m
 * Running on https://127.0.0.1:5000
2025-06-18 21:48:22,694 - GuardianAI - INFO - [33mPress CTRL+C to quit[0m
2025-06-18 21:59:04,152 - GuardianAI - ERROR - Error in training: [Errno 2] No such file or directory: 'D:\\Github\\Cyber-Threat-system\\cyb datasets\\Phising Datset\\phishing_dataset.csv'
2025-06-18 21:59:27,160 - GuardianAI - ERROR - Error in training: [Errno 2] No such file or directory: 'D:\\Github\\Cyber-Threat-system\\cyb datasets\\Phising Datset\\phishing_dataset.csv'
2025-06-18 22:00:19,219 - GuardianAI - ERROR - Error in training: 'ThreatType'
2025-06-18 22:34:40,940 - GuardianAI - INFO - Loaded 1000 samples from phishing
2025-06-18 22:34:41,065 - GuardianAI - ERROR - Error loading cicids dataset: "['ThreatType'] not in index"
2025-06-18 22:34:41,066 - GuardianAI - WARNING - Failed to load cicids
2025-06-18 22:34:42,001 - GuardianAI - INFO - Loaded 1000 samples from ember
2025-06-18 22:34:42,004 - GuardianAI - INFO - Combined 2000 total samples from 2 datasets
2025-06-18 22:34:46,931 - GuardianAI - INFO - Model training complete. Metrics: {'accuracy': 0.609, 'precision': 0.9067701738832217, 'recall': 0.609, 'f1_score': 0.5855109645901594}
2025-06-18 22:34:47,031 - GuardianAI - INFO - Model saved to guardian_model.pkl
2025-06-18 22:34:47,032 - GuardianAI - INFO - Model saved successfully to guardian_model.pkl
2025-06-18 22:34:47,035 - GuardianAI - INFO - Model training complete. Metrics: {'accuracy': 0.609, 'precision': 0.9067701738832217, 'recall': 0.609, 'f1_score': 0.5855109645901594}
2025-06-18 22:34:47,155 - GuardianAI - INFO - Model saved to D:\Github\Cyber-Threat-system\ML_Python_Core\backend\trained_model.pkl
2025-06-18 22:34:47,156 - GuardianAI - INFO - Model saved to D:\Github\Cyber-Threat-system\ML_Python_Core\backend\trained_model.pkl
2025-06-19 18:50:29,334 - GuardianAI - INFO - Loaded 1000 samples from phishing
2025-06-19 18:50:29,468 - GuardianAI - ERROR - Dataset cicids missing required columns after processing.
2025-06-19 18:50:29,470 - GuardianAI - WARNING - Failed to load cicids
2025-06-19 18:50:30,471 - GuardianAI - INFO - Loaded 1000 samples from ember
2025-06-19 18:50:30,473 - GuardianAI - INFO - Combined 2000 total samples from 2 datasets
2025-06-19 18:50:30,479 - GuardianAI - INFO - Class distribution after combining: {1: 850, 0: 350, 3: 100, 6: 100, 4: 100, 5: 100, 11: 50, 2: 50, 8: 50, 7: 50, 13: 50, 9: 50, 10: 50, 12: 50}
2025-06-19 18:50:35,641 - GuardianAI - INFO - Applied SMOTE. New class distribution: {'Benign': np.int64(350), 'DDoS': np.int64(350), 'Malware': np.int64(350), 'Phishing': np.int64(350), 'Intrusion': np.int64(350), '3': np.int64(350), '2': np.int64(350), '6': np.int64(350), '11': np.int64(350), '5': np.int64(350), '8': np.int64(350), '7': np.int64(350), '4': np.int64(350), '13': np.int64(350), '9': np.int64(350), '10': np.int64(350), '12': np.int64(350)}
2025-06-19 18:50:54,563 - GuardianAI - INFO - Stratified 5-fold CV accuracy: 0.7824
2025-06-19 18:50:59,659 - GuardianAI - INFO - Model training complete. Metrics: {'accuracy': 0.8031932773109244, 'precision': 0.9547124569749005, 'recall': 0.8031932773109244, 'f1_score': 0.7876118353319104}
2025-06-19 18:50:59,785 - GuardianAI - INFO - Model saved to guardian_model.pkl
2025-06-19 18:50:59,786 - GuardianAI - INFO - Model saved successfully to guardian_model.pkl
2025-06-19 18:50:59,804 - GuardianAI - INFO - Model training complete. Metrics: {'accuracy': 0.8031932773109244, 'precision': 0.9547124569749005, 'recall': 0.8031932773109244, 'f1_score': 0.7876118353319104, 'cv_accuracy': np.float64(0.7823529411764706)}
2025-06-19 18:50:59,955 - GuardianAI - INFO - Model saved to D:\Github\cyber-threat-analyzing-system\ML_Python_Core\backend\trained_model.pkl
2025-06-19 18:50:59,956 - GuardianAI - INFO - Model saved to D:\Github\cyber-threat-analyzing-system\ML_Python_Core\backend\trained_model.pkl
2025-06-19 18:51:16,079 - GuardianAI - INFO - Loaded 1000 samples from phishing
2025-06-19 18:51:16,192 - GuardianAI - ERROR - Dataset cicids missing required columns after processing.
2025-06-19 18:51:16,193 - GuardianAI - WARNING - Failed to load cicids
2025-06-19 18:51:16,989 - GuardianAI - INFO - Loaded 1000 samples from ember
2025-06-19 18:51:16,991 - GuardianAI - INFO - Combined 2000 total samples from 2 datasets
2025-06-19 18:51:16,992 - GuardianAI - INFO - Class distribution after combining: {1: 850, 0: 350, 3: 100, 6: 100, 4: 100, 5: 100, 11: 50, 2: 50, 8: 50, 7: 50, 13: 50, 9: 50, 10: 50, 12: 50}
2025-06-19 18:51:21,139 - GuardianAI - INFO - Applied SMOTE. New class distribution: {'Benign': np.int64(350), 'Intrusion': np.int64(350), 'Malware': np.int64(350), 'Phishing': np.int64(350), 'DDoS': np.int64(350), '3': np.int64(350), '2': np.int64(350), '6': np.int64(350), '11': np.int64(350), '5': np.int64(350), '8': np.int64(350), '7': np.int64(350), '4': np.int64(350), '13': np.int64(350), '9': np.int64(350), '10': np.int64(350), '12': np.int64(350)}
2025-06-19 18:51:35,810 - GuardianAI - INFO - Stratified 5-fold CV accuracy: 0.7824
2025-06-19 18:51:39,421 - GuardianAI - INFO - Model training complete. Metrics: {'accuracy': 0.8031932773109244, 'precision': 0.9547124569749005, 'recall': 0.8031932773109244, 'f1_score': 0.7875642393712242}
2025-06-19 18:51:39,487 - GuardianAI - INFO - Model saved to guardian_model.pkl
2025-06-19 18:51:39,488 - GuardianAI - INFO - Model saved successfully to guardian_model.pkl
2025-06-19 18:51:39,499 - GuardianAI - INFO - Model training complete. Metrics: {'accuracy': 0.8031932773109244, 'precision': 0.9547124569749005, 'recall': 0.8031932773109244, 'f1_score': 0.7875642393712242, 'cv_accuracy': np.float64(0.7823529411764706)}
2025-06-19 18:51:39,582 - GuardianAI - INFO - Model saved to D:\Github\cyber-threat-analyzing-system\ML_Python_Core\backend\trained_model.pkl
2025-06-19 18:51:39,582 - GuardianAI - INFO - Model saved to D:\Github\cyber-threat-analyzing-system\ML_Python_Core\backend\trained_model.pkl
2025-06-19 19:08:01,602 - GuardianAI - INFO - Loaded 1000 samples from phishing
2025-06-19 19:08:01,748 - GuardianAI - ERROR - Dataset cicids missing required columns after processing.
2025-06-19 19:08:01,751 - GuardianAI - WARNING - Failed to load cicids
2025-06-19 19:08:02,669 - GuardianAI - INFO - Loaded 1000 samples from ember
2025-06-19 19:08:02,671 - GuardianAI - INFO - Combined 2000 total samples from 2 datasets
2025-06-19 19:08:02,672 - GuardianAI - INFO - Class distribution after combining: {1: 850, 0: 350, 3: 100, 6: 100, 4: 100, 5: 100, 11: 50, 2: 50, 8: 50, 7: 50, 13: 50, 9: 50, 10: 50, 12: 50}
2025-06-19 19:08:07,480 - GuardianAI - INFO - Applied SMOTE. New class distribution: {'Benign': np.int64(350), 'Intrusion': np.int64(350), 'Malware': np.int64(350), 'DDoS': np.int64(350), 'Phishing': np.int64(350), '3': np.int64(350), '2': np.int64(350), '6': np.int64(350), '11': np.int64(350), '5': np.int64(350), '8': np.int64(350), '7': np.int64(350), '4': np.int64(350), '13': np.int64(350), '9': np.int64(350), '10': np.int64(350), '12': np.int64(350)}
2025-06-19 19:08:25,475 - GuardianAI - INFO - Stratified 5-fold CV accuracy: 0.7852
2025-06-19 19:08:30,319 - GuardianAI - INFO - Model training complete. Metrics: {'accuracy': 0.8043697478991597, 'precision': 0.9546164402118681, 'recall': 0.8043697478991597, 'f1_score': 0.7898061469006619}
2025-06-19 19:08:30,410 - GuardianAI - INFO - Model saved to guardian_model.pkl
2025-06-19 19:08:30,411 - GuardianAI - INFO - Model saved successfully to guardian_model.pkl
2025-06-19 19:08:30,430 - GuardianAI - INFO - Model training complete. Metrics: {'accuracy': 0.8043697478991597, 'precision': 0.9546164402118681, 'recall': 0.8043697478991597, 'f1_score': 0.7898061469006619, 'cv_accuracy': np.float64(0.7852100840336134)}
2025-06-19 19:08:30,523 - GuardianAI - INFO - Model saved to D:\Github\cyber-threat-analyzing-system\ML_Python_Core\backend\trained_model.pkl
2025-06-19 19:08:30,524 - GuardianAI - INFO - Model saved to D:\Github\cyber-threat-analyzing-system\ML_Python_Core\backend\trained_model.pkl
2025-06-19 19:21:51,473 - GuardianAI - INFO - Loaded 1000 samples from phishing
2025-06-19 19:21:51,567 - GuardianAI - ERROR - Dataset cicids missing required columns after processing.
2025-06-19 19:21:51,568 - GuardianAI - WARNING - Failed to load cicids
2025-06-19 19:21:52,537 - GuardianAI - INFO - Loaded 1000 samples from ember
2025-06-19 19:21:52,539 - GuardianAI - INFO - Combined 2000 total samples from 2 datasets
2025-06-19 19:21:52,541 - GuardianAI - INFO - Class distribution after combining: {1: 850, 0: 350, 3: 100, 6: 100, 4: 100, 5: 100, 11: 50, 2: 50, 8: 50, 7: 50, 13: 50, 9: 50, 10: 50, 12: 50}
2025-06-19 19:21:57,732 - GuardianAI - INFO - Applied SMOTE. New class distribution: {'Benign': np.int64(350), 'Malware': np.int64(350), 'Phishing': np.int64(350), 'DDoS': np.int64(350), 'Intrusion': np.int64(350), '3': np.int64(350), '2': np.int64(350), '6': np.int64(350), '11': np.int64(350), '5': np.int64(350), '8': np.int64(350), '7': np.int64(350), '4': np.int64(350), '13': np.int64(350), '9': np.int64(350), '10': np.int64(350), '12': np.int64(350)}
2025-06-19 19:22:17,348 - GuardianAI - INFO - Stratified 5-fold CV accuracy: 0.7840
2025-06-19 19:22:22,578 - GuardianAI - INFO - Model training complete. Metrics: {'accuracy': 0.8045378151260504, 'precision': 0.9547840286147506, 'recall': 0.8045378151260504, 'f1_score': 0.7900076411805341}
2025-06-19 19:22:22,791 - GuardianAI - INFO - Model saved to guardian_model.pkl
2025-06-19 19:22:22,814 - GuardianAI - INFO - Model saved successfully to guardian_model.pkl
2025-06-19 19:22:22,876 - GuardianAI - INFO - Model training complete. Metrics: {'accuracy': 0.8045378151260504, 'precision': 0.9547840286147506, 'recall': 0.8045378151260504, 'f1_score': 0.7900076411805341, 'cv_accuracy': np.float64(0.7840336134453781)}
2025-06-19 19:22:23,022 - GuardianAI - INFO - Model saved to D:\Github\cyber-threat-analyzing-system\ML_Python_Core\backend\trained_model.pkl
2025-06-19 19:22:23,023 - GuardianAI - INFO - Model saved to D:\Github\cyber-threat-analyzing-system\ML_Python_Core\backend\trained_model.pkl
2025-06-19 19:38:53,577 - GuardianAI - INFO - Loaded 1000 samples from phishing
2025-06-19 19:38:53,681 - GuardianAI - ERROR - Dataset cicids missing required columns after processing.
2025-06-19 19:38:53,682 - GuardianAI - WARNING - Failed to load cicids
2025-06-19 19:38:54,653 - GuardianAI - INFO - Loaded 1000 samples from ember
2025-06-19 19:38:54,656 - GuardianAI - INFO - Combined 2000 total samples from 2 datasets
2025-06-19 19:38:54,656 - GuardianAI - INFO - Class distribution after combining: {1: 850, 0: 350, 3: 100, 6: 100, 4: 100, 5: 100, 11: 50, 2: 50, 8: 50, 7: 50, 13: 50, 9: 50, 10: 50, 12: 50}
2025-06-19 19:38:59,678 - GuardianAI - INFO - Applied SMOTE. New class distribution: {'Benign': np.int64(350), 'Malware': np.int64(350), 'Phishing': np.int64(350), 'Intrusion': np.int64(350), 'DDoS': np.int64(350), '3': np.int64(350), '2': np.int64(350), '6': np.int64(350), '11': np.int64(350), '5': np.int64(350), '8': np.int64(350), '7': np.int64(350), '4': np.int64(350), '13': np.int64(350), '9': np.int64(350), '10': np.int64(350), '12': np.int64(350)}
2025-06-19 19:39:19,889 - GuardianAI - INFO - Stratified 5-fold CV accuracy: 0.7812
2025-06-19 19:39:25,050 - GuardianAI - INFO - Model training complete. Metrics: {'accuracy': 0.8025210084033614, 'precision': 0.9545182229295245, 'recall': 0.8025210084033614, 'f1_score': 0.786495014996016}
2025-06-19 19:39:25,150 - GuardianAI - INFO - Model saved to guardian_model.pkl
2025-06-19 19:39:25,150 - GuardianAI - INFO - Model saved successfully to guardian_model.pkl
2025-06-19 19:39:25,167 - GuardianAI - INFO - Model training complete. Metrics: {'accuracy': 0.8025210084033614, 'precision': 0.9545182229295245, 'recall': 0.8025210084033614, 'f1_score': 0.786495014996016, 'cv_accuracy': np.float64(0.7811764705882352)}
2025-06-19 19:39:25,250 - GuardianAI - INFO - Model saved to D:\Github\cyber-threat-analyzing-system\ML_Python_Core\backend\trained_model.pkl
2025-06-19 19:39:25,251 - GuardianAI - INFO - Model saved to D:\Github\cyber-threat-analyzing-system\ML_Python_Core\backend\trained_model.pkl
2025-06-19 19:39:51,541 - GuardianAI - ERROR - Error testing model: 'HighPrecisionThreatDetector' object has no attribute 'predict'
2025-06-19 19:39:51,543 - GuardianAI - ERROR - Traceback (most recent call last):
  File "D:\Github\cyber-threat-analyzing-system\ML_Python_Core\backend\test_model.py", line 84, in test_model
    prediction = detector.predict(features)
                 ^^^^^^^^^^^^^^^^
AttributeError: 'HighPrecisionThreatDetector' object has no attribute 'predict'

2025-06-19 22:31:00,105 - GuardianAI - INFO - Loaded 1000 samples from phishing
2025-06-19 22:31:00,355 - GuardianAI - ERROR - Dataset cicids missing required columns after processing.
2025-06-19 22:31:00,357 - GuardianAI - WARNING - Failed to load cicids
2025-06-19 22:31:01,500 - GuardianAI - INFO - Loaded 1000 samples from ember
2025-06-19 22:31:01,503 - GuardianAI - INFO - Combined 2000 total samples from 2 datasets
2025-06-19 22:31:01,505 - GuardianAI - INFO - Class distribution after combining: {1: 850, 0: 350, 3: 100, 6: 100, 4: 100, 5: 100, 11: 50, 2: 50, 8: 50, 7: 50, 13: 50, 9: 50, 10: 50, 12: 50}
2025-06-19 22:31:06,814 - GuardianAI - INFO - Applied SMOTE. New class distribution: {'Benign': np.int64(350), 'Malware': np.int64(350), 'Phishing': np.int64(350), 'DDoS': np.int64(350), 'Intrusion': np.int64(350), '3': np.int64(350), '2': np.int64(350), '6': np.int64(350), '11': np.int64(350), '5': np.int64(350), '8': np.int64(350), '7': np.int64(350), '4': np.int64(350), '13': np.int64(350), '9': np.int64(350), '10': np.int64(350), '12': np.int64(350)}
2025-06-19 22:31:26,303 - GuardianAI - INFO - Stratified 5-fold CV accuracy: 0.7852
2025-06-19 22:31:31,474 - GuardianAI - INFO - Model training complete. Metrics: {'accuracy': 0.8042016806722689, 'precision': 0.9547660648417783, 'recall': 0.8042016806722689, 'f1_score': 0.7894118333090298}
2025-06-19 22:31:31,582 - GuardianAI - INFO - Model saved to guardian_model.pkl
2025-06-19 22:31:31,583 - GuardianAI - INFO - Model saved successfully to guardian_model.pkl
2025-06-19 22:31:31,598 - GuardianAI - INFO - Model training complete. Metrics: {'accuracy': 0.8042016806722689, 'precision': 0.9547660648417783, 'recall': 0.8042016806722689, 'f1_score': 0.7894118333090298, 'cv_accuracy': np.float64(0.7852100840336134)}
2025-06-19 22:31:31,688 - GuardianAI - INFO - Model saved to D:\Github\cyber-threat-analyzing-system\ML_Python_Core\backend\trained_model.pkl
2025-06-19 22:31:31,688 - GuardianAI - INFO - Model saved to D:\Github\cyber-threat-analyzing-system\ML_Python_Core\backend\trained_model.pkl
2025-06-19 22:33:14,340 - GuardianAI - ERROR - Error testing model: 'HighPrecisionThreatDetector' object has no attribute 'predict'
2025-06-19 22:33:14,342 - GuardianAI - ERROR - Traceback (most recent call last):
  File "D:\Github\cyber-threat-analyzing-system\ML_Python_Core\backend\test_model.py", line 84, in test_model
    prediction = detector.predict(features)
                 ^^^^^^^^^^^^^^^^
AttributeError: 'HighPrecisionThreatDetector' object has no attribute 'predict'

2025-06-19 22:48:30,311 - GuardianAI - INFO - Loaded 1000 samples from phishing
2025-06-19 22:48:30,449 - GuardianAI - ERROR - Dataset cicids missing required columns after processing.
2025-06-19 22:48:30,451 - GuardianAI - WARNING - Failed to load cicids
2025-06-19 22:48:31,722 - GuardianAI - INFO - Loaded 1000 samples from ember
2025-06-19 22:48:31,725 - GuardianAI - INFO - Combined 2000 total samples from 2 datasets
2025-06-19 22:48:31,727 - GuardianAI - INFO - Class distribution after combining: {1: 850, 0: 350, 3: 100, 6: 100, 4: 100, 5: 100, 11: 50, 2: 50, 8: 50, 7: 50, 13: 50, 9: 50, 10: 50, 12: 50}
2025-06-19 22:48:43,517 - GuardianAI - INFO - Applied SMOTE. New class distribution: {'Benign': np.int64(350), 'DDoS': np.int64(350), 'Malware': np.int64(350), 'Phishing': np.int64(350), 'Intrusion': np.int64(350), '3': np.int64(350), '2': np.int64(350), '6': np.int64(350), '11': np.int64(350), '5': np.int64(350), '8': np.int64(350), '7': np.int64(350), '4': np.int64(350), '13': np.int64(350), '9': np.int64(350), '10': np.int64(350), '12': np.int64(350)}
2025-06-19 22:49:19,894 - GuardianAI - INFO - Stratified 5-fold CV accuracy: 0.7844
2025-06-19 22:49:25,851 - GuardianAI - INFO - Model training complete. Metrics: {'accuracy': 0.8043697478991597, 'precision': 0.9547750407957106, 'recall': 0.8043697478991597, 'f1_score': 0.7896838365472751}
2025-06-19 22:49:25,975 - GuardianAI - INFO - Model saved to guardian_model.pkl
2025-06-19 22:49:25,976 - GuardianAI - INFO - Model saved successfully to guardian_model.pkl
2025-06-19 22:49:25,992 - GuardianAI - INFO - Model training complete. Metrics: {'accuracy': 0.8043697478991597, 'precision': 0.9547750407957106, 'recall': 0.8043697478991597, 'f1_score': 0.7896838365472751, 'cv_accuracy': np.float64(0.7843697478991596)}
2025-06-19 22:49:26,101 - GuardianAI - INFO - Model saved to D:\Github\cyber-threat-analyzing-system\ML_Python_Core\backend\trained_model.pkl
2025-06-19 22:49:26,102 - GuardianAI - INFO - Model saved to D:\Github\cyber-threat-analyzing-system\ML_Python_Core\backend\trained_model.pkl
2025-06-19 23:03:04,920 - GuardianAI - INFO - Loaded 1000 samples from phishing
2025-06-19 23:03:05,004 - GuardianAI - ERROR - Dataset cicids missing required columns after processing.
2025-06-19 23:03:05,005 - GuardianAI - WARNING - Failed to load cicids
2025-06-19 23:03:06,917 - GuardianAI - INFO - Loaded 1000 samples from ember
2025-06-19 23:03:06,920 - GuardianAI - INFO - Combined 2000 total samples from 2 datasets
2025-06-19 23:03:06,920 - GuardianAI - INFO - Class distribution after combining: {1: 850, 0: 350, 3: 100, 6: 100, 4: 100, 5: 100, 11: 50, 2: 50, 8: 50, 7: 50, 13: 50, 9: 50, 10: 50, 12: 50}
2025-06-19 23:03:13,733 - GuardianAI - INFO - Applied SMOTE. New class distribution: {'Benign': np.int64(350), 'Intrusion': np.int64(350), 'Malware': np.int64(350), 'Phishing': np.int64(350), 'DDoS': np.int64(350), '3': np.int64(350), '2': np.int64(350), '6': np.int64(350), '11': np.int64(350), '5': np.int64(350), '8': np.int64(350), '7': np.int64(350), '4': np.int64(350), '13': np.int64(350), '9': np.int64(350), '10': np.int64(350), '12': np.int64(350)}
2025-06-19 23:03:33,856 - GuardianAI - INFO - Stratified 5-fold CV accuracy: 0.7864
2025-06-19 23:03:37,887 - GuardianAI - INFO - Model training complete. Metrics: {'accuracy': 0.8045378151260504, 'precision': 0.9547840286147506, 'recall': 0.8045378151260504, 'f1_score': 0.7900349826706655}
2025-06-19 23:03:37,962 - GuardianAI - INFO - Model saved to guardian_model.pkl
2025-06-19 23:03:37,963 - GuardianAI - INFO - Model saved successfully to guardian_model.pkl
2025-06-19 23:03:37,974 - GuardianAI - INFO - Model training complete. Metrics: {'accuracy': 0.8045378151260504, 'precision': 0.9547840286147506, 'recall': 0.8045378151260504, 'f1_score': 0.7900349826706655, 'cv_accuracy': np.float64(0.7863865546218487)}
2025-06-19 23:03:38,060 - GuardianAI - INFO - Model saved to D:\Github\cyber-threat-analyzing-system\ML_Python_Core\backend\trained_model.pkl
2025-06-19 23:03:38,060 - GuardianAI - INFO - Model saved to D:\Github\cyber-threat-analyzing-system\ML_Python_Core\backend\trained_model.pkl
2025-06-19 23:10:49,494 - GuardianAI - ERROR - Error testing model: X has 1665 features, but RandomForestClassifier is expecting 1000 features as input.
2025-06-19 23:10:49,550 - GuardianAI - ERROR - Traceback (most recent call last):
  File "D:\Github\cyber-threat-analyzing-system\ML_Python_Core\backend\test_model.py", line 84, in test_model
    result = detector.predict_threat(features)
             ^^^^^^^^^^^^^^^^^^^^^^^^^^^^^^^^^
  File "D:\Github\cyber-threat-analyzing-system\ML_Python_Core\backend\guardian_ai.py", line 217, in predict_threat
    predictions = self.model.predict_proba(features)
                  ^^^^^^^^^^^^^^^^^^^^^^^^^^^^^^^^^^
  File "C:\Users\ACER\AppData\Local\Packages\PythonSoftwareFoundation.Python.3.12_qbz5n2kfra8p0\LocalCache\local-packages\Python312\site-packages\sklearn\ensemble\_forest.py", line 946, in predict_proba
    X = self._validate_X_predict(X)
        ^^^^^^^^^^^^^^^^^^^^^^^^^^^
  File "C:\Users\ACER\AppData\Local\Packages\PythonSoftwareFoundation.Python.3.12_qbz5n2kfra8p0\LocalCache\local-packages\Python312\site-packages\sklearn\ensemble\_forest.py", line 638, in _validate_X_predict
    X = validate_data(
        ^^^^^^^^^^^^^^
  File "C:\Users\ACER\AppData\Local\Packages\PythonSoftwareFoundation.Python.3.12_qbz5n2kfra8p0\LocalCache\local-packages\Python312\site-packages\sklearn\utils\validation.py", line 2965, in validate_data
    _check_n_features(_estimator, X, reset=reset)
  File "C:\Users\ACER\AppData\Local\Packages\PythonSoftwareFoundation.Python.3.12_qbz5n2kfra8p0\LocalCache\local-packages\Python312\site-packages\sklearn\utils\validation.py", line 2829, in _check_n_features
    raise ValueError(
ValueError: X has 1665 features, but RandomForestClassifier is expecting 1000 features as input.

